2020-09-03 05:46:00 +0000  Initial pipeline context: <IDEDistributionProcessingPipelineContext: 0x7ff28a5235e0; archive(resolved)='<IDEArchive: 0x7ff28a192a00>', distributionTask(resolved)='2', distributionDestination(resolved)='1', distributionMethod(resolved)='<IDEDistributionMethodiOSAppStoreDistribution: 0x7ff288a15ee0>', team(resolved)='<IDEProvisioningDisambiguatableBasicTeam: 0x7ff2abb99440; teamID='K7YKK82L2P', teamName='Guangzhou Huola Network Technology Co., Ltd.', teamType='Company', username='625713695@qq.com', isFreeProvisioningTeam='0'>'>
	Chain (12, self inclusive):
	<IDEDistributionProcessingPipelineContext: 0x7ff28a5235e0; archive = '<IDEArchive: 0x7ff28a192a00>', distributionMethod='<IDEDistributionMethodiOSAppStoreDistribution: 0x7ff288a15ee0>', team='<IDEProvisioningDisambiguatableBasicTeam: 0x7ff2abb99440; teamID='K7YKK82L2P', teamName='Guangzhou Huola Network Technology Co., Ltd.', teamType='Company', username='625713695@qq.com', isFreeProvisioningTeam='0'>'>
	<IDEDistributionProcessingPipelineContext: 0x7ff28a1353a0; archive = '<IDEArchive: 0x7ff28a192a00>', distributionMethod='<IDEDistributionMethodiOSAppStoreDistribution: 0x7ff288a15ee0>', team='<IDEProvisioningDisambiguatableBasicTeam: 0x7ff2abb99440; teamID='K7YKK82L2P', teamName='Guangzhou Huola Network Technology Co., Ltd.', teamType='Company', username='625713695@qq.com', isFreeProvisioningTeam='0'>'>
	<IDEDistributionContext: 0x7ff289298540; archive = '<IDEArchive: 0x7ff28a192a00>', distributionMethod='<IDEDistributionMethodiOSAppStoreDistribution: 0x7ff288a15ee0>', team='<IDEProvisioningDisambiguatableBasicTeam: 0x7ff2abb99440; teamID='K7YKK82L2P', teamName='Guangzhou Huola Network Technology Co., Ltd.', teamType='Company', username='625713695@qq.com', isFreeProvisioningTeam='0'>'>
	<IDEDistributionContext: 0x7ff28aa49fe0; archive = '<IDEArchive: 0x7ff28a192a00>', distributionMethod='<IDEDistributionMethodiOSAppStoreDistribution: 0x7ff288a15ee0>', team='<IDEProvisioningDisambiguatableBasicTeam: 0x7ff2abb99440; teamID='K7YKK82L2P', teamName='Guangzhou Huola Network Technology Co., Ltd.', teamType='Company', username='625713695@qq.com', isFreeProvisioningTeam='0'>'>
	<IDEDistributionContext: 0x7ff28a7be560; archive = '<IDEArchive: 0x7ff28a192a00>', distributionMethod='<IDEDistributionMethodiOSAppStoreDistribution: 0x7ff288a15ee0>', team='<IDEProvisioningDisambiguatableBasicTeam: 0x7ff2abb99440; teamID='K7YKK82L2P', teamName='Guangzhou Huola Network Technology Co., Ltd.', teamType='Company', username='625713695@qq.com', isFreeProvisioningTeam='0'>'>
	<IDEDistributionContext: 0x7ff2897ebc70; archive = '<IDEArchive: 0x7ff28a192a00>', distributionMethod='<IDEDistributionMethodiOSAppStoreDistribution: 0x7ff288a15ee0>', team='<IDEProvisioningDisambiguatableBasicTeam: 0x7ff2abb99440; teamID='K7YKK82L2P', teamName='Guangzhou Huola Network Technology Co., Ltd.', teamType='Company', username='625713695@qq.com', isFreeProvisioningTeam='0'>'>
	<IDEDistributionContext: 0x7ff2890e2460; archive = '<IDEArchive: 0x7ff28a192a00>', distributionMethod='<IDEDistributionMethodiOSAppStoreDistribution: 0x7ff288a15ee0>', team='<IDEProvisioningDisambiguatableBasicTeam: 0x7ff2abb99440; teamID='K7YKK82L2P', teamName='Guangzhou Huola Network Technology Co., Ltd.', teamType='Company', username='625713695@qq.com', isFreeProvisioningTeam='0'>'>
	<IDEDistributionContext: 0x7ff288ce36e0; archive = '<IDEArchive: 0x7ff28a192a00>', distributionMethod='<IDEDistributionMethodiOSAppStoreDistribution: 0x7ff288a15ee0>', team='<IDEProvisioningDisambiguatableBasicTeam: 0x7ff2abb99440; teamID='K7YKK82L2P', teamName='Guangzhou Huola Network Technology Co., Ltd.', teamType='Company', username='625713695@qq.com', isFreeProvisioningTeam='0'>'>
	<IDEDistributionContext: 0x7ff28b355e00; archive = '<IDEArchive: 0x7ff28a192a00>', distributionMethod='<IDEDistributionMethodiOSAppStoreDistribution: 0x7ff288a15ee0>', team='<IDEProvisioningDisambiguatableBasicTeam: 0x7ff2abb99440; teamID='K7YKK82L2P', teamName='Guangzhou Huola Network Technology Co., Ltd.', teamType='Company', username='625713695@qq.com', isFreeProvisioningTeam='0'>'>
	<IDEDistributionContext: 0x7ff28a37f600; archive = '<IDEArchive: 0x7ff28a192a00>', distributionMethod='<IDEDistributionMethodiOSAppStoreDistribution: 0x7ff288a15ee0>', team='(null)'>
	<IDEDistributionContext: 0x7ff28ade2e80; archive = '<IDEArchive: 0x7ff28a192a00>', distributionMethod='<IDEDistributionMethodiOSAppStoreDistribution: 0x7ff288a15ee0>', team='(null)'>
	<IDEDistributionContext: 0x7ff2890d72d0; archive = '<IDEArchive: 0x7ff28a192a00>', distributionMethod='(null)', team='(null)'>
</IDEDistributionProcessingPipelineContext: 0x7ff28a5235e0>
2020-09-03 05:46:00 +0000  Processing step: IDEDistributionCreateDestRootStep
2020-09-03 05:46:00 +0000  Processing step: IDEDistributionCopyItemStep
2020-09-03 05:46:00 +0000  Running /usr/bin/ditto '-V' '/Users/fandongyang/Library/Developer/Xcode/Archives/2020-09-03/RNPlayground 2020-9-3, 1.45 PM.xcarchive/Products/Applications/RNPlayground.app' '/var/folders/mc/0y0_gzl15f99jmg3lp8_2xyr0000gn/T/XcodeDistPipeline.~~~rD1C0S/Root/Payload/RNPlayground.app'
2020-09-03 05:46:00 +0000  >>> Copying /Users/fandongyang/Library/Developer/Xcode/Archives/2020-09-03/RNPlayground 2020-9-3, 1.45 PM.xcarchive/Products/Applications/RNPlayground.app 
2020-09-03 05:46:00 +0000  copying file ./_CodeSignature/CodeResources ... 
2020-09-03 05:46:00 +0000  4021 bytes for ./_CodeSignature/CodeResources
2020-09-03 05:46:00 +0000  copying file ./RNPlayground ... 
2020-09-03 05:46:00 +0000  31921712 bytes for ./RNPlayground
2020-09-03 05:46:00 +0000  copying file ./Base.lproj/LaunchScreen.nib ... 
2020-09-03 05:46:00 +0000  3147 bytes for ./Base.lproj/LaunchScreen.nib
copying file ./main.jsbundle ... 
2020-09-03 05:46:00 +0000  685066 bytes for ./main.jsbundle
2020-09-03 05:46:00 +0000  copying file ./pushy_build_time.txt ... 
2020-09-03 05:46:00 +0000  11 bytes for ./pushy_build_time.txt
copying file ./embedded.mobileprovision ... 
2020-09-03 05:46:00 +0000  9477 bytes for ./embedded.mobileprovision
2020-09-03 05:46:00 +0000  copying file ./assets/app.json ... 
2020-09-03 05:46:00 +0000  61 bytes for ./assets/app.json
2020-09-03 05:46:00 +0000  copying file ./assets/node_modules/react-native-update/package.json ... 
2020-09-03 05:46:00 +0000  870 bytes for ./assets/node_modules/react-native-update/package.json
2020-09-03 05:46:00 +0000  copying file ./assets/update.json ... 
2020-09-03 05:46:00 +0000  200 bytes for ./assets/update.json
2020-09-03 05:46:00 +0000  copying file ./Info.plist ... 
2020-09-03 05:46:00 +0000  1282 bytes for ./Info.plist
copying file ./PkgInfo ... 
2020-09-03 05:46:00 +0000  8 bytes for ./PkgInfo
2020-09-03 05:46:00 +0000  /usr/bin/ditto exited with 0
2020-09-03 05:46:00 +0000  Processing step: IDEDistributionEmbedProfileStep
2020-09-03 05:46:00 +0000  Processing step: IDEDistributionInfoPlistStep
2020-09-03 05:46:00 +0000  Skipping step: IDEDistributionInfoPlistStep because it said so
2020-09-03 05:46:00 +0000  Processing step: IDEDistributionItemRemovalStep
2020-09-03 05:46:00 +0000  Processing step: IDEDistributionAppThinningPlistStep
2020-09-03 05:46:00 +0000  Skipping step: IDEDistributionAppThinningPlistStep because it said so
2020-09-03 05:46:00 +0000  Processing step: IDEDistributionCompileBitcodeStep
2020-09-03 05:46:00 +0000  Skipping step: IDEDistributionCompileBitcodeStep because it said so
2020-09-03 05:46:00 +0000  Processing step: IDEDistributionCodeSlimmingStep
2020-09-03 05:46:00 +0000  Processing step: IDEDistributionCopyBCSymbolMapsStep
2020-09-03 05:46:00 +0000  Processing step: IDEDistributionSymbolsStep
2020-09-03 05:46:00 +0000  Processing symbols for RNPlayground.app
2020-09-03 05:46:00 +0000  Running /usr/bin/rsync '-8aPhhE' '/var/folders/mc/0y0_gzl15f99jmg3lp8_2xyr0000gn/T/XcodeDistPipeline.~~~rD1C0S/Root/Payload/RNPlayground.app' '--link-dest' '/var/folders/mc/0y0_gzl15f99jmg3lp8_2xyr0000gn/T/XcodeDistPipeline.~~~rD1C0S/Root/Payload' '/var/folders/mc/0y0_gzl15f99jmg3lp8_2xyr0000gn/T/XcodeDistPipeline.~~~rD1C0S'
2020-09-03 05:46:00 +0000  building file list ... 
 0 files...2020-09-03 05:46:00 +0000  17 files to consider
2020-09-03 05:46:00 +0000  RNPlayground.app/
2020-09-03 05:46:00 +0000  RNPlayground.app/Base.lproj/
RNPlayground.app/_CodeSignature/
RNPlayground.app/assets/
2020-09-03 05:46:00 +0000  RNPlayground.app/assets/node_modules/
RNPlayground.app/assets/node_modules/react-native-update/
2020-09-03 05:46:00 +0000  
sent 593 bytes  received 56 bytes  1.27K bytes/sec
total size is 4.44M  speedup is 7170.23
2020-09-03 05:46:00 +0000  /usr/bin/rsync exited with 0
2020-09-03 05:46:00 +0000  Running /usr/bin/rsync '-8aPhhE' '/Users/fandongyang/Library/Developer/Xcode/Archives/2020-09-03/RNPlayground 2020-9-3, 1.45 PM.xcarchive/dSYMs/' '--link-dest' '/Users/fandongyang/Library/Developer/Xcode/Archives/2020-09-03/RNPlayground 2020-9-3, 1.45 PM.xcarchive/dSYMs/' '/var/folders/mc/0y0_gzl15f99jmg3lp8_2xyr0000gn/T/XcodeDistPipeline.~~~rD1C0S'
2020-09-03 05:46:00 +0000  building file list ... 
2020-09-03 05:46:00 +0000   0 files...2020-09-03 05:46:00 +0000  7 files to consider
2020-09-03 05:46:00 +0000  ./
2020-09-03 05:46:00 +0000  RNPlayground.app.dSYM/
RNPlayground.app.dSYM/Contents/
2020-09-03 05:46:00 +0000  RNPlayground.app.dSYM/Contents/Resources/
RNPlayground.app.dSYM/Contents/Resources/DWARF/
2020-09-03 05:46:00 +0000  
2020-09-03 05:46:00 +0000  sent 262 bytes  received 50 bytes  624.00 bytes/sec
total size is 41.80M  speedup is 140481.39
2020-09-03 05:46:00 +0000  /usr/bin/rsync exited with 0
2020-09-03 05:46:00 +0000  Running /Applications/Xcode.app/Contents/Developer/usr/bin/symbols '-noTextInSOD' '-noDaemon' '-arch' 'all' '-symbolsPackageDir' '/var/folders/mc/0y0_gzl15f99jmg3lp8_2xyr0000gn/T/XcodeDistPipeline.~~~rD1C0S/Symbols' '/var/folders/mc/0y0_gzl15f99jmg3lp8_2xyr0000gn/T/XcodeDistPipeline.~~~rD1C0S/RNPlayground.app.dSYM/Contents/Resources/Dwarf/RNPlayground'
2020-09-03 05:46:02 +0000  /var/folders/mc/0y0_gzl15f99jmg3lp8_2xyr0000gn/T/XcodeDistPipeline.~~~rD1C0S/RNPlayground.app.dSYM/Contents/Resources/Dwarf/RNPlayground [armv7, 0.844080 seconds]:
/var/folders/mc/0y0_gzl15f99jmg3lp8_2xyr0000gn/T/XcodeDistPipeline.~~~rD1C0S/RNPlayground.app.dSYM/Contents/Resources/Dwarf/RNPlayground [arm64, 0.844080 seconds]:
2020-09-03 05:46:02 +0000  /Applications/Xcode.app/Contents/Developer/usr/bin/symbols exited with 0
2020-09-03 05:46:02 +0000  Processing step: IDEDistributionCopyAppleProvidedContentStep
2020-09-03 05:46:02 +0000  Processing step: IDEDistributionAppThinningStep
2020-09-03 05:46:02 +0000  Skipping step: IDEDistributionAppThinningStep because it said so
2020-09-03 05:46:02 +0000  Processing step: IDEDistributionArchThinningStep
2020-09-03 05:46:02 +0000  Running /Applications/Xcode.app/Contents/Developer/Toolchains/XcodeDefault.xctoolchain/usr/bin/lipo '/var/folders/mc/0y0_gzl15f99jmg3lp8_2xyr0000gn/T/XcodeDistPipeline.~~~rD1C0S/Root/Payload/RNPlayground.app/RNPlayground' '-verify_arch' 'arm64e'
2020-09-03 05:46:02 +0000  /Applications/Xcode.app/Contents/Developer/Toolchains/XcodeDefault.xctoolchain/usr/bin/lipo exited with 1
2020-09-03 05:46:02 +0000  Skipping architecture thinning for item "RNPlayground" because arch "arm64e" wasn't found
2020-09-03 05:46:02 +0000  Processing step: IDEDistributionODRStep
2020-09-03 05:46:02 +0000  Processing step: IDEDistributionStripXattrsStep
2020-09-03 05:46:02 +0000  Running /usr/bin/xattr '-crs' '/var/folders/mc/0y0_gzl15f99jmg3lp8_2xyr0000gn/T/XcodeDistPipeline.~~~rD1C0S/Root/Payload/RNPlayground.app'
2020-09-03 05:46:03 +0000  /usr/bin/xattr exited with 0
2020-09-03 05:46:03 +0000  Processing step: IDEDistributionCodesignStep
2020-09-03 05:46:03 +0000  Entitlements for <IDEDistributionItem: 0x7ff28b512250; bundleID='tbp.mobile.com', path='<DVTFilePath:0x7ff28c564900:'/Users/fandongyang/Library/Developer/Xcode/Archives/2020-09-03/RNPlayground 2020-9-3, 1.45 PM.xcarchive/Products/Applications/RNPlayground.app'>', codeSigningInfo='<_DVTCodeSigningInformation_Path: 0x7ff289650f70; isSigned='1', isAdHocSigned='0', signingCertificate='<DVTSigningCertificate: 0x7ff28b327f10; name='Apple Development: XIAOXING XIAO (Y5QJ89BCM7)', hash='9B43D4FD485DC0316C0D1708F3A611E3525E991B', serialNumber='651D907ED699E621', certificateKinds='(
    "1.2.840.113635.100.6.1.12",
    "1.2.840.113635.100.6.1.2"
), issueDate='2020-08-19 05:40:05 +0000''>', entitlements='{
    "application-identifier" = "K7YKK82L2P.tbp.mobile.com";
    "com.apple.developer.team-identifier" = K7YKK82L2P;
    "get-task-allow" = 1;
    "keychain-access-groups" =     (
        "K7YKK82L2P.tbp.mobile.com"
    );
}', teamID='K7YKK82L2P', identifier='tbp.mobile.com', executablePath='<DVTFilePath:0x7ff2892ea1b0:'/Users/fandongyang/Library/Developer/Xcode/Archives/2020-09-03/RNPlayground 2020-9-3, 1.45 PM.xcarchive/Products/Applications/RNPlayground.app/RNPlayground'>', hardenedRuntime='0'>'>: {
    "application-identifier" = "K7YKK82L2P.tbp.mobile.com";
    "beta-reports-active" = 1;
    "com.apple.developer.team-identifier" = K7YKK82L2P;
    "get-task-allow" = 0;
    "keychain-access-groups" =     (
        "K7YKK82L2P.tbp.mobile.com"
    );
}
2020-09-03 05:46:03 +0000  Writing entitlements for <IDEDistributionItem: 0x7ff28b512250; bundleID='tbp.mobile.com', path='<DVTFilePath:0x7ff28c564900:'/Users/fandongyang/Library/Developer/Xcode/Archives/2020-09-03/RNPlayground 2020-9-3, 1.45 PM.xcarchive/Products/Applications/RNPlayground.app'>', codeSigningInfo='<_DVTCodeSigningInformation_Path: 0x7ff289650f70; isSigned='1', isAdHocSigned='0', signingCertificate='<DVTSigningCertificate: 0x7ff28c5671e0; name='Apple Development: XIAOXING XIAO (Y5QJ89BCM7)', hash='9B43D4FD485DC0316C0D1708F3A611E3525E991B', serialNumber='651D907ED699E621', certificateKinds='(
    "1.2.840.113635.100.6.1.12",
    "1.2.840.113635.100.6.1.2"
), issueDate='2020-08-19 05:40:05 +0000''>', entitlements='{
    "application-identifier" = "K7YKK82L2P.tbp.mobile.com";
    "com.apple.developer.team-identifier" = K7YKK82L2P;
    "get-task-allow" = 1;
    "keychain-access-groups" =     (
        "K7YKK82L2P.tbp.mobile.com"
    );
}', teamID='K7YKK82L2P', identifier='tbp.mobile.com', executablePath='<DVTFilePath:0x7ff2892ea1b0:'/Users/fandongyang/Library/Developer/Xcode/Archives/2020-09-03/RNPlayground 2020-9-3, 1.45 PM.xcarchive/Products/Applications/RNPlayground.app/RNPlayground'>', hardenedRuntime='0'>'> to: /var/folders/mc/0y0_gzl15f99jmg3lp8_2xyr0000gn/T/XcodeDistPipeline.~~~rD1C0S/entitlements~~~hTXbQt
2020-09-03 05:46:03 +0000  Running /usr/bin/codesign '-vvv' '--force' '--sign' '67AD7FF1B512122D2B654B9A0D63DF60EB8D6FEE' '--entitlements' '/var/folders/mc/0y0_gzl15f99jmg3lp8_2xyr0000gn/T/XcodeDistPipeline.~~~rD1C0S/entitlements~~~hTXbQt' '--preserve-metadata=identifier,flags,runtime' '/var/folders/mc/0y0_gzl15f99jmg3lp8_2xyr0000gn/T/XcodeDistPipeline.~~~rD1C0S/Root/Payload/RNPlayground.app'
2020-09-03 05:46:03 +0000  /var/folders/mc/0y0_gzl15f99jmg3lp8_2xyr0000gn/T/XcodeDistPipeline.~~~rD1C0S/Root/Payload/RNPlayground.app: signed app bundle with Mach-O universal (armv7 arm64) [tbp.mobile.com]
2020-09-03 05:46:03 +0000  /usr/bin/codesign exited with 0
2020-09-03 05:46:03 +0000  Processing step: IDEDistributionZipODRItemStep
2020-09-03 05:46:03 +0000  Skipping step: IDEDistributionZipODRItemStep because it said so
2020-09-03 05:46:03 +0000  Processing step: IDEDistributionCreateIPAStep
2020-09-03 05:46:03 +0000  Running /usr/bin/rsync '-8aPhhE' '/var/folders/mc/0y0_gzl15f99jmg3lp8_2xyr0000gn/T/XcodeDistPipeline.~~~rD1C0S/Symbols' '--link-dest' '/var/folders/mc/0y0_gzl15f99jmg3lp8_2xyr0000gn/T/XcodeDistPipeline.~~~rD1C0S' '/var/folders/mc/0y0_gzl15f99jmg3lp8_2xyr0000gn/T/XcodeDistPipeline.~~~rD1C0S/Root'
2020-09-03 05:46:03 +0000  building file list ... 
2020-09-03 05:46:03 +0000   0 files...2020-09-03 05:46:03 +0000  3 files to consider
2020-09-03 05:46:03 +0000  Symbols/
2020-09-03 05:46:03 +0000  
2020-09-03 05:46:03 +0000  sent 200 bytes  received 26 bytes  452.00 bytes/sec
total size is 16.07M  speedup is 74580.85
2020-09-03 05:46:03 +0000  /usr/bin/rsync exited with 0
2020-09-03 05:46:03 +0000  Running /usr/bin/ditto '-V' '-c' '-k' '--norsrc' '/var/folders/mc/0y0_gzl15f99jmg3lp8_2xyr0000gn/T/XcodeDistPipeline.~~~rD1C0S/Root' '/var/folders/mc/0y0_gzl15f99jmg3lp8_2xyr0000gn/T/XcodeDistPipeline.~~~rD1C0S/Packages/RNPlayground.ipa'
2020-09-03 05:46:03 +0000  >>> Copying /var/folders/mc/0y0_gzl15f99jmg3lp8_2xyr0000gn/T/XcodeDistPipeline.~~~rD1C0S/Root 
2020-09-03 05:46:03 +0000  copying file ./Payload/RNPlayground.app/_CodeSignature/CodeResources ... 
2020-09-03 05:46:03 +0000  4021 bytes for ./Payload/RNPlayground.app/_CodeSignature/CodeResources
2020-09-03 05:46:03 +0000  copying file ./Payload/RNPlayground.app/RNPlayground ... 
2020-09-03 05:46:03 +0000  4027216 bytes for ./Payload/RNPlayground.app/RNPlayground
2020-09-03 05:46:03 +0000  copying file ./Payload/RNPlayground.app/Base.lproj/LaunchScreen.nib ... 
3147 bytes for ./Payload/RNPlayground.app/Base.lproj/LaunchScreen.nib
copying file ./Payload/RNPlayground.app/main.jsbundle ... 
2020-09-03 05:46:03 +0000  685066 bytes for ./Payload/RNPlayground.app/main.jsbundle
copying file ./Payload/RNPlayground.app/pushy_build_time.txt ... 
2020-09-03 05:46:03 +0000  11 bytes for ./Payload/RNPlayground.app/pushy_build_time.txt
copying file ./Payload/RNPlayground.app/embedded.mobileprovision ... 
9520 bytes for ./Payload/RNPlayground.app/embedded.mobileprovision
copying file ./Payload/RNPlayground.app/assets/app.json ... 
61 bytes for ./Payload/RNPlayground.app/assets/app.json
2020-09-03 05:46:03 +0000  copying file ./Payload/RNPlayground.app/assets/node_modules/react-native-update/package.json ... 
870 bytes for ./Payload/RNPlayground.app/assets/node_modules/react-native-update/package.json
copying file ./Payload/RNPlayground.app/assets/update.json ... 
2020-09-03 05:46:03 +0000  200 bytes for ./Payload/RNPlayground.app/assets/update.json
copying file ./Payload/RNPlayground.app/Info.plist ... 
1282 bytes for ./Payload/RNPlayground.app/Info.plist
copying file ./Payload/RNPlayground.app/PkgInfo ... 
8 bytes for ./Payload/RNPlayground.app/PkgInfo
copying file ./Symbols/22DBDC61-4D92-36D5-950C-6474E02D4049.symbols ... 
2020-09-03 05:46:04 +0000  7654368 bytes for ./Symbols/22DBDC61-4D92-36D5-950C-6474E02D4049.symbols
2020-09-03 05:46:04 +0000  copying file ./Symbols/0FB69ED2-DD2B-378D-8F5D-2819040E3A2F.symbols ... 
2020-09-03 05:46:04 +0000  9200904 bytes for ./Symbols/0FB69ED2-DD2B-378D-8F5D-2819040E3A2F.symbols
2020-09-03 05:46:04 +0000  /usr/bin/ditto exited with 0
2020-09-03 05:46:04 +0000  Processing step: IDEDistributionAppStoreInformationStep
2020-09-03 05:46:04 +0000  Skipping step: IDEDistributionAppStoreInformationStep because it said so
2020-09-03 05:46:04 +0000  Processing step: IDEDistributionGenerateProcessedDistributionItems
2020-09-03 05:46:04 +0000  Processing step: IDEDistributionCreateManifestStep
2020-09-03 05:46:04 +0000  Skipping step: IDEDistributionCreateManifestStep because it said so
